2025-04-21 12:08:54,204 - __main__ - INFO - Reading raw data from /Users/johnnguyen/app-listing-integrations-analysis/data/export.csv
2025-04-21 12:08:54,208 - __main__ - INFO - Starting integration processing
2025-04-21 12:08:54,210 - __main__ - ERROR - Error in main: 'integrations'
Traceback (most recent call last):
  File "/Users/johnnguyen/app-listing-integrations-analysis/.venv/lib/python3.13/site-packages/pandas/core/indexes/base.py", line 3805, in get_loc
    return self._engine.get_loc(casted_key)
           ~~~~~~~~~~~~~~~~~~~~^^^^^^^^^^^^
  File "index.pyx", line 167, in pandas._libs.index.IndexEngine.get_loc
  File "index.pyx", line 196, in pandas._libs.index.IndexEngine.get_loc
  File "pandas/_libs/hashtable_class_helper.pxi", line 7081, in pandas._libs.hashtable.PyObjectHashTable.get_item
  File "pandas/_libs/hashtable_class_helper.pxi", line 7089, in pandas._libs.hashtable.PyObjectHashTable.get_item
KeyError: 'integrations'

The above exception was the direct cause of the following exception:

Traceback (most recent call last):
  File "/Users/johnnguyen/app-listing-integrations-analysis/src/process_integrations.py", line 138, in main
    processed_df = process_integrations(df)
  File "/Users/johnnguyen/app-listing-integrations-analysis/src/process_integrations.py", line 91, in process_integrations
    if pd.isna(row['integrations']) or not row['integrations'].strip():
               ~~~^^^^^^^^^^^^^^^^
  File "/Users/johnnguyen/app-listing-integrations-analysis/.venv/lib/python3.13/site-packages/pandas/core/series.py", line 1121, in __getitem__
    return self._get_value(key)
           ~~~~~~~~~~~~~~~^^^^^
  File "/Users/johnnguyen/app-listing-integrations-analysis/.venv/lib/python3.13/site-packages/pandas/core/series.py", line 1237, in _get_value
    loc = self.index.get_loc(label)
  File "/Users/johnnguyen/app-listing-integrations-analysis/.venv/lib/python3.13/site-packages/pandas/core/indexes/base.py", line 3812, in get_loc
    raise KeyError(key) from err
KeyError: 'integrations'
2025-04-21 12:09:23,638 - __main__ - INFO - Reading raw data from /Users/johnnguyen/app-listing-integrations-analysis/data/top_apps_raw.csv
2025-04-21 12:09:23,640 - __main__ - INFO - Starting integration processing
2025-04-21 12:09:23,645 - __main__ - INFO - Total apps processed: 200
2025-04-21 12:09:23,645 - __main__ - INFO - Apps with integrations: 101
2025-04-21 12:09:23,645 - __main__ - INFO - Unique integrations found: 253
2025-04-21 12:09:23,645 - __main__ - INFO - Saving processed data to /Users/johnnguyen/app-listing-integrations-analysis/data/processed_integrations.csv
